Using pre-set license
Built from '2021.3/evg/staging/82bb020e-b03b1330/draft-0' branch; Version is '2021.3.16f1 (4016570cf34f) revision 4200023'; Using compiler version '192829333'; Build Type 'Release'
OS: 'Windows 10  (10.0.19045) 64bit Professional' Language: 'ru' Physical Memory: 32637 MB
BatchMode: 1, IsHumanControllingUs: 0, StartBugReporterOnCrash: 0, Is64bit: 1, IsPro: 1

COMMAND LINE ARGUMENTS:
C:\Program Files\Unity\Hub\Editor\2021.3.16f1\Editor\Unity.exe
-adb2
-batchMode
-noUpm
-name
AssetImportWorker0
-projectPath
E:/Новая папка/My project (3)
-logFile
Logs/AssetImportWorker0.log
-srvPort
59230
Successfully changed project path to: E:/Новая папка/My project (3)
E:/Новая папка/My project (3)
[UnityMemory] Configuration Parameters - Can be set up in boot.config
    "memorysetup-bucket-allocator-granularity=16"
    "memorysetup-bucket-allocator-bucket-count=8"
    "memorysetup-bucket-allocator-block-size=33554432"
    "memorysetup-bucket-allocator-block-count=8"
    "memorysetup-main-allocator-block-size=16777216"
    "memorysetup-thread-allocator-block-size=16777216"
    "memorysetup-gfx-main-allocator-block-size=16777216"
    "memorysetup-gfx-thread-allocator-block-size=16777216"
    "memorysetup-cache-allocator-block-size=4194304"
    "memorysetup-typetree-allocator-block-size=2097152"
    "memorysetup-profiler-bucket-allocator-granularity=16"
    "memorysetup-profiler-bucket-allocator-bucket-count=8"
    "memorysetup-profiler-bucket-allocator-block-size=33554432"
    "memorysetup-profiler-bucket-allocator-block-count=8"
    "memorysetup-profiler-allocator-block-size=16777216"
    "memorysetup-profiler-editor-allocator-block-size=1048576"
    "memorysetup-temp-allocator-size-main=16777216"
    "memorysetup-job-temp-allocator-block-size=2097152"
    "memorysetup-job-temp-allocator-block-size-background=1048576"
    "memorysetup-job-temp-allocator-reduction-small-platforms=262144"
    "memorysetup-temp-allocator-size-background-worker=32768"
    "memorysetup-temp-allocator-size-job-worker=262144"
    "memorysetup-temp-allocator-size-preload-manager=33554432"
    "memorysetup-temp-allocator-size-nav-mesh-worker=65536"
    "memorysetup-temp-allocator-size-audio-worker=65536"
    "memorysetup-temp-allocator-size-cloud-worker=32768"
    "memorysetup-temp-allocator-size-gi-baking-worker=262144"
    "memorysetup-temp-allocator-size-gfx=262144"
Player connection [13652] Host "[IP] 10.135.2.203 [Port] 0 [Flags] 2 [Guid] 1249952138 [EditorId] 1249952138 [Version] 1048832 [Id] WindowsEditor(7,DESKTOP-GABIJPN) [Debug] 1 [PackageName] WindowsEditor [ProjectName] Editor" joined multi-casting on [225.0.0.222:54997]...

Player connection [13652] Host "[IP] 10.135.2.203 [Port] 0 [Flags] 2 [Guid] 1249952138 [EditorId] 1249952138 [Version] 1048832 [Id] WindowsEditor(7,DESKTOP-GABIJPN) [Debug] 1 [PackageName] WindowsEditor [ProjectName] Editor" joined alternative multi-casting on [225.0.0.222:34997]...

Refreshing native plugins compatible for Editor in 30.26 ms, found 11 plugins.
Preloading 1 native plugins for Editor in 0.61 ms.
Initialize engine version: 2021.3.16f1 (4016570cf34f)
[Subsystems] Discovering subsystems at path C:/Program Files/Unity/Hub/Editor/2021.3.16f1/Editor/Data/Resources/UnitySubsystems
[Subsystems] Discovering subsystems at path E:/Новая папка/My project (3)/Assets
GfxDevice: creating device client; threaded=0; jobified=0
Direct3D:
    Version:  Direct3D 11.0 [level 11.1]
    Renderer: NVIDIA GeForce RTX 3090 (ID=0x2204)
    Vendor:   NVIDIA
    VRAM:     24326 MB
    Driver:   32.0.15.6094
Initialize mono
Mono path[0] = 'C:/Program Files/Unity/Hub/Editor/2021.3.16f1/Editor/Data/Managed'
Mono path[1] = 'C:/Program Files/Unity/Hub/Editor/2021.3.16f1/Editor/Data/MonoBleedingEdge/lib/mono/unityjit-win32'
Mono config path = 'C:/Program Files/Unity/Hub/Editor/2021.3.16f1/Editor/Data/MonoBleedingEdge/etc'
Using monoOptions --debugger-agent=transport=dt_socket,embedding=1,server=y,suspend=n,address=127.0.0.1:56296
Begin MonoManager ReloadAssembly
Registering precompiled unity dll's ...
Register platform support module: C:/Program Files/Unity/Hub/Editor/2021.3.16f1/Editor/Data/PlaybackEngines/AndroidPlayer/UnityEditor.Android.Extensions.dll
Register platform support module: C:/Program Files/Unity/Hub/Editor/2021.3.16f1/Editor/Data/PlaybackEngines/WindowsStandaloneSupport/UnityEditor.WindowsStandalone.Extensions.dll
Registered in 0.004710 seconds.
Native extension for WindowsStandalone target not found
Native extension for Android target not found
Refreshing native plugins compatible for Editor in 24.66 ms, found 11 plugins.
Preloading 1 native plugins for Editor in 0.06 ms.
Mono: successfully reloaded assembly
- Completed reload, in  0.447 seconds
Domain Reload Profiling:
	ReloadAssembly (448ms)
		BeginReloadAssembly (55ms)
			ExecutionOrderSort (0ms)
			DisableScriptedObjects (0ms)
			BackupInstance (0ms)
			ReleaseScriptingObjects (0ms)
			CreateAndSetChildDomain (1ms)
		EndReloadAssembly (314ms)
			LoadAssemblies (53ms)
			RebuildTransferFunctionScriptingTraits (0ms)
			SetupTypeCache (81ms)
			ReleaseScriptCaches (0ms)
			RebuildScriptCaches (22ms)
			SetupLoadedEditorAssemblies (168ms)
				LogAssemblyErrors (0ms)
				InitializePlatformSupportModulesInManaged (41ms)
				SetLoadedEditorAssemblies (0ms)
				RefreshPlugins (25ms)
				BeforeProcessingInitializeOnLoad (1ms)
				ProcessInitializeOnLoadAttributes (70ms)
				ProcessInitializeOnLoadMethodAttributes (30ms)
				AfterProcessingInitializeOnLoad (0ms)
				EditorAssembliesLoaded (0ms)
			ExecutionOrderSort2 (0ms)
			AwakeInstancesAfterBackupRestoration (0ms)
Platform modules already initialized, skipping
Registering precompiled user dll's ...
Registered in 0.003566 seconds.
Begin MonoManager ReloadAssembly
Native extension for WindowsStandalone target not found
Native extension for Android target not found
Refreshing native plugins compatible for Editor in 25.05 ms, found 11 plugins.
Preloading 1 native plugins for Editor in 0.05 ms.
Package Manager log level set to [2]
System.Reflection.TargetInvocationException: Exception has been thrown by the target of an invocation. ---> System.NullReferenceException: Object reference not set to an instance of an object
  at Unity.XR.Oculus.OculusLoader.AssetPathToAbsolutePath (System.String assetPath) [0x0003d] in E:\Новая папка\My project (3)\Library\PackageCache\com.unity.xr.oculus@3.2.2\Runtime\OculusLoader.cs:296 
  at Unity.XR.Oculus.OculusLoader.EditorLoadOVRPlugin () [0x0007b] in E:\Новая папка\My project (3)\Library\PackageCache\com.unity.xr.oculus@3.2.2\Runtime\OculusLoader.cs:281 
  at (wrapper managed-to-native) System.Reflection.RuntimeMethodInfo.InternalInvoke(System.Reflection.RuntimeMethodInfo,object,object[],System.Exception&)
  at System.Reflection.RuntimeMethodInfo.Invoke (System.Object obj, System.Reflection.BindingFlags invokeAttr, System.Reflection.Binder binder, System.Object[] parameters, System.Globalization.CultureInfo culture) [0x0006a] in <75633565436c42f0a6426b33f0132ade>:0 
   --- End of inner exception stack trace ---
  at System.Reflection.RuntimeMethodInfo.Invoke (System.Object obj, System.Reflection.BindingFlags invokeAttr, System.Reflection.Binder binder, System.Object[] parameters, System.Globalization.CultureInfo culture) [0x00083] in <75633565436c42f0a6426b33f0132ade>:0 
  at System.Reflection.MethodBase.Invoke (System.Object obj, System.Object[] parameters) [0x00000] in <75633565436c42f0a6426b33f0132ade>:0 
  at UnityEditor.EditorAssemblies.ProcessInitializeOnLoadMethodAttributes () [0x000a5] in <11d97693183d4a6bb35c29ae7882c66b>:0 
UnityEngine.StackTraceUtility:ExtractStackTrace ()
UnityEngine.DebugLogHandler:LogFormat (UnityEngine.LogType,UnityEngine.Object,string,object[])
UnityEngine.Logger:Log (UnityEngine.LogType,object)
UnityEngine.Debug:LogError (object)
UnityEditor.EditorAssemblies:ProcessInitializeOnLoadMethodAttributes ()

Mono: successfully reloaded assembly
- Completed reload, in  0.837 seconds
Domain Reload Profiling:
	ReloadAssembly (838ms)
		BeginReloadAssembly (187ms)
			ExecutionOrderSort (0ms)
			DisableScriptedObjects (4ms)
			BackupInstance (0ms)
			ReleaseScriptingObjects (0ms)
			CreateAndSetChildDomain (121ms)
		EndReloadAssembly (566ms)
			LoadAssemblies (54ms)
			RebuildTransferFunctionScriptingTraits (0ms)
			SetupTypeCache (130ms)
			ReleaseScriptCaches (0ms)
			RebuildScriptCaches (39ms)
			SetupLoadedEditorAssemblies (312ms)
				LogAssemblyErrors (0ms)
				InitializePlatformSupportModulesInManaged (9ms)
				SetLoadedEditorAssemblies (0ms)
				RefreshPlugins (25ms)
				BeforeProcessingInitializeOnLoad (48ms)
				ProcessInitializeOnLoadAttributes (190ms)
				ProcessInitializeOnLoadMethodAttributes (34ms)
				AfterProcessingInitializeOnLoad (5ms)
				EditorAssembliesLoaded (0ms)
			ExecutionOrderSort2 (0ms)
			AwakeInstancesAfterBackupRestoration (4ms)
Platform modules already initialized, skipping
========================================================================
Worker process is ready to serve import requests
Launched and connected shader compiler UnityShaderCompiler.exe after 0.04 seconds
Refreshing native plugins compatible for Editor in 0.48 ms, found 11 plugins.
Preloading 1 native plugins for Editor in 0.44 ms.
Unloading 2545 Unused Serialized files (Serialized files now loaded: 0)
Unloading 44 unused Assets / (60.1 KB). Loaded Objects now: 3016.
Memory consumption went from 111.3 MB to 111.2 MB.
Total: 2.759500 ms (FindLiveObjects: 0.164600 ms CreateObjectMapping: 0.071000 ms MarkObjects: 2.430300 ms  DeleteObjects: 0.092700 ms)

AssetImportParameters requested are different than current active one (requested -> active):
  custom:video-decoder-ogg-theora: a1e56fd34408186e4bbccfd4996cb3dc -> 
  custom:container-muxer-webm: aa71ff27fc2769a1b78a27578f13a17b -> 
  custom:container-demuxer-webm: 4f35f7cbe854078d1ac9338744f61a02 -> 
  custom:video-encoder-webm-vp8: eb34c28f22e8b96e1ab97ce403110664 -> 
  custom:audio-encoder-webm-vorbis: bf7c407c2cedff20999df2af8eb42d56 -> 
  custom:framework-win-MediaFoundation: 216162199b28c13a410421893ffa2e32 -> 
  custom:container-demuxer-ogg: 62fdf1f143b41e24485cea50d1cbac27 -> 
  custom:video-decoder-webm-vp8: 9c59270c3fd7afecdb556c50c9e8de78 -> 
  custom:audio-decoder-ogg-vorbis: bf7c407c2cedff20999df2af8eb42d56 -> 
========================================================================
Received Import Request.
  Time since last request: 181012.296918 seconds.
  path: Assets/Sketch/Materials
  artifactKey: Guid(5ecd38d8ac5ebdd429aebf0461a0bdab) Importer(815301076,1909f56bfc062723c751e8b465ee728b)
Start importing Assets/Sketch/Materials using Guid(5ecd38d8ac5ebdd429aebf0461a0bdab) Importer(815301076,1909f56bfc062723c751e8b465ee728b)  -> (artifact id: 'e236afa6ab48901a862b0a655645bef3') in 0.011001 seconds 
========================================================================
Received Import Request.
  Time since last request: 0.000017 seconds.
  path: Assets/Sketch/Sketchfab_2022_04_30_13_07_42.fbx
  artifactKey: Guid(86d3de7fc83b8794db4e34448a566ba8) Importer(815301076,1909f56bfc062723c751e8b465ee728b)
Start importing Assets/Sketch/Sketchfab_2022_04_30_13_07_42.fbx using Guid(86d3de7fc83b8794db4e34448a566ba8) Importer(815301076,1909f56bfc062723c751e8b465ee728b)  -> (artifact id: '669f99fd6861a2ee9e1c59ff882081ce') in 0.161289 seconds 
========================================================================
Received Import Request.
  Time since last request: 0.000026 seconds.
  path: Assets/Sketch/Materials/PlugSocket.mat
  artifactKey: Guid(164c4ec3c398b7040902f50a07f45e8f) Importer(815301076,1909f56bfc062723c751e8b465ee728b)
Start importing Assets/Sketch/Materials/PlugSocket.mat using Guid(164c4ec3c398b7040902f50a07f45e8f) Importer(815301076,1909f56bfc062723c751e8b465ee728b)  -> (artifact id: '906751352c385346d5cbcd7e0338caf2') in 0.026049 seconds 
========================================================================
Received Import Request.
  Time since last request: 0.000029 seconds.
  path: Assets/Sketch/Materials/NewCarpet.mat
  artifactKey: Guid(34fd3114647e33f4abc081362241436e) Importer(815301076,1909f56bfc062723c751e8b465ee728b)
Start importing Assets/Sketch/Materials/NewCarpet.mat using Guid(34fd3114647e33f4abc081362241436e) Importer(815301076,1909f56bfc062723c751e8b465ee728b)  -> (artifact id: '9d9b37815ad183ba0c8ab1d8a218d1ec') in 0.015012 seconds 
========================================================================
Received Import Request.
  Time since last request: 0.000020 seconds.
  path: Assets/Sketch/Materials/Vent.mat
  artifactKey: Guid(d680be6deb912b044ad8841ad2ece946) Importer(815301076,1909f56bfc062723c751e8b465ee728b)
Start importing Assets/Sketch/Materials/Vent.mat using Guid(d680be6deb912b044ad8841ad2ece946) Importer(815301076,1909f56bfc062723c751e8b465ee728b)  -> (artifact id: '49b89241f64d10a9bb3843bbdfc07974') in 0.014229 seconds 
========================================================================
Received Import Request.
  Time since last request: 0.000018 seconds.
  path: Assets/Sketch/Materials/GreenSkirting.mat
  artifactKey: Guid(038bce4d1f207664a9ad0dcec480f5f3) Importer(815301076,1909f56bfc062723c751e8b465ee728b)
Start importing Assets/Sketch/Materials/GreenSkirting.mat using Guid(038bce4d1f207664a9ad0dcec480f5f3) Importer(815301076,1909f56bfc062723c751e8b465ee728b)  -> (artifact id: '4010849fa8a48f296a8e2fdf14d6f33b') in 0.012474 seconds 
========================================================================
Received Import Request.
  Time since last request: 0.000016 seconds.
  path: Assets/Sketch/Materials/Dot Wallpaper.mat
  artifactKey: Guid(eedbbc3e44170264c968c11f63e92097) Importer(815301076,1909f56bfc062723c751e8b465ee728b)
Start importing Assets/Sketch/Materials/Dot Wallpaper.mat using Guid(eedbbc3e44170264c968c11f63e92097) Importer(815301076,1909f56bfc062723c751e8b465ee728b)  -> (artifact id: '4272862569fa0a07803a8db53e5738cd') in 0.012499 seconds 
========================================================================
Received Import Request.
  Time since last request: 0.000023 seconds.
  path: Assets/Sketch/Materials/Ceiling Grid.mat
  artifactKey: Guid(cd6ec9705b5fd1a479bb8cd4eba88543) Importer(815301076,1909f56bfc062723c751e8b465ee728b)
Start importing Assets/Sketch/Materials/Ceiling Grid.mat using Guid(cd6ec9705b5fd1a479bb8cd4eba88543) Importer(815301076,1909f56bfc062723c751e8b465ee728b)  -> (artifact id: '82145fa84feb60f9d48202031ff2cf45') in 0.012923 seconds 
========================================================================
Received Import Request.
  Time since last request: 0.000014 seconds.
  path: Assets/Sketch/Materials/Piece1.mat
  artifactKey: Guid(33d0c2e87d820034b8a0b58678466884) Importer(815301076,1909f56bfc062723c751e8b465ee728b)
Start importing Assets/Sketch/Materials/Piece1.mat using Guid(33d0c2e87d820034b8a0b58678466884) Importer(815301076,1909f56bfc062723c751e8b465ee728b)  -> (artifact id: '66b93e5229ec97c042088faaab1e9b0e') in 0.012598 seconds 
========================================================================
Received Import Request.
  Time since last request: 0.000026 seconds.
  path: Assets/Sketch/Materials/Ceiling Lights.mat
  artifactKey: Guid(1b1c92d33d64c97468fdebca4b316eac) Importer(815301076,1909f56bfc062723c751e8b465ee728b)
Start importing Assets/Sketch/Materials/Ceiling Lights.mat using Guid(1b1c92d33d64c97468fdebca4b316eac) Importer(815301076,1909f56bfc062723c751e8b465ee728b)  -> (artifact id: '1f8d462b4fec082028516cbb63df2c11') in 0.013141 seconds 
========================================================================
Received Import Request.
  Time since last request: 0.000025 seconds.
  path: Assets/Sketch/Materials/StripeWallpaper.mat
  artifactKey: Guid(344c8b50cc8ad7f4194cdc2f82a3dd4d) Importer(815301076,1909f56bfc062723c751e8b465ee728b)
Start importing Assets/Sketch/Materials/StripeWallpaper.mat using Guid(344c8b50cc8ad7f4194cdc2f82a3dd4d) Importer(815301076,1909f56bfc062723c751e8b465ee728b)  -> (artifact id: '3af35cf730a87bdba09712bc3ef10e34') in 0.014840 seconds 
========================================================================
Received Import Request.
  Time since last request: 0.000042 seconds.
  path: Assets/Sketch/Materials/BR_2.mat
  artifactKey: Guid(451425c7cec023148bee31ff1717d88d) Importer(815301076,1909f56bfc062723c751e8b465ee728b)
Start importing Assets/Sketch/Materials/BR_2.mat using Guid(451425c7cec023148bee31ff1717d88d) Importer(815301076,1909f56bfc062723c751e8b465ee728b)  -> (artifact id: 'bd2ac5e1caf44d324e355610ec23679b') in 0.016724 seconds 
Editor requested this worker to shutdown with reason: Scaling down because of idle timeout
AssetImportWorker is now disconnected from the server
Process exiting
Exiting without the bug reporter. Application will terminate with return code 0